INFO 2023-10-02 17:14:56,461 Auth info was exported to ./.tmp/auth_info.json api/debug/debug.cpp:14 kirankumar@unknown-host
INFO 2023-10-03 10:22:37,456 Auth info was exported to ./.tmp/auth_info.json api/debug/debug.cpp:14 kirankumar@unknown-host
INFO 2023-10-03 13:34:34,041 Auth info was exported to ./.tmp/auth_info.json api/debug/debug.cpp:14 kirankumar@unknown-host
INFO 2023-10-03 14:34:13,205 Auth info was exported to ./.tmp/auth_info.json api/debug/debug.cpp:14 kirankumar@unknown-host
INFO 2023-10-03 14:35:37,900 Auth info was exported to ./.tmp/auth_info.json api/debug/debug.cpp:14 kirankumar@unknown-host
INFO 2023-10-03 15:13:36,603 Auth info was exported to ./.tmp/auth_info.json api/debug/debug.cpp:14 kirankumar@unknown-host
INFO 2023-10-03 15:16:50,151 Auth info was exported to ./.tmp/auth_info.json api/debug/debug.cpp:14 kirankumar@unknown-host
INFO 2023-10-03 17:07:58,128 Auth info was exported to ./.tmp/auth_info.json api/debug/debug.cpp:14 kirankumar@unknown-host
INFO 2023-10-03 17:14:12,079 Auth info was exported to ./.tmp/auth_info.json api/debug/debug.cpp:14 kirankumar@unknown-host
INFO 2023-10-03 17:16:43,671 Auth info was exported to ./.tmp/auth_info.json api/debug/debug.cpp:14 kirankumar@unknown-host
INFO 2023-10-03 17:18:25,995 Auth info was exported to ./.tmp/auth_info.json api/debug/debug.cpp:14 kirankumar@unknown-host
INFO 2023-10-04 11:13:39,380 Auth info was exported to ./.tmp/auth_info.json api/debug/debug.cpp:14 Lenovo@LAPTOP-VUN2TVK4
INFO 2023-10-04 16:00:29,537 Auth info was exported to ./.tmp/auth_info.json api/debug/debug.cpp:14 Lenovo@LAPTOP-VUN2TVK4
INFO 2023-10-04 18:12:17,886 Auth info was exported to ./.tmp/auth_info.json api/debug/debug.cpp:14 Lenovo@LAPTOP-VUN2TVK4
INFO 2023-10-04 18:15:35,814 Auth info was exported to ./.tmp/auth_info.json api/debug/debug.cpp:14 Lenovo@LAPTOP-VUN2TVK4
INFO 2023-10-06 14:37:16,425 Auth info was exported to ./.tmp/auth_info.json api/debug/debug.cpp:14 Lenovo@LAPTOP-VUN2TVK4
INFO 2023-10-06 15:02:47,894 Auth info was exported to ./.tmp/auth_info.json api/debug/debug.cpp:14 Lenovo@LAPTOP-VUN2TVK4
INFO 2023-10-07 10:15:00,160 Auth info was exported to ./.tmp/auth_info.json api/debug/debug.cpp:14 Lenovo@LAPTOP-VUN2TVK4
INFO 2023-10-09 10:00:12,070 Auth info was exported to ./.tmp/auth_info.json api/debug/debug.cpp:14 Lenovo@LAPTOP-VUN2TVK4
INFO 2023-10-09 10:03:09,265 Auth info was exported to ./.tmp/auth_info.json api/debug/debug.cpp:14 Lenovo@LAPTOP-VUN2TVK4
INFO 2023-10-09 10:50:37,462 Auth info was exported to ./.tmp/auth_info.json api/debug/debug.cpp:14 Lenovo@LAPTOP-VUN2TVK4
ERROR 2023-10-09 10:50:37,997 Unable to open ./neucore-react/build/index.html api/debug/debug.cpp:16 Lenovo@LAPTOP-VUN2TVK4
ERROR 2023-10-09 10:53:29,883 Unable to open ./neucore-react/build/index.html api/debug/debug.cpp:16 Lenovo@LAPTOP-VUN2TVK4
ERROR 2023-10-09 10:53:31,678 Unable to open ./neucore-react/build/index.html api/debug/debug.cpp:16 Lenovo@LAPTOP-VUN2TVK4
INFO 2023-10-09 10:54:01,596 Auth info was exported to ./.tmp/auth_info.json api/debug/debug.cpp:14 Lenovo@LAPTOP-VUN2TVK4
INFO 2023-10-09 11:52:02,828 Auth info was exported to ./.tmp/auth_info.json api/debug/debug.cpp:14 Lenovo@LAPTOP-VUN2TVK4
INFO 2023-10-12 18:36:38,847 Auth info was exported to ./.tmp/auth_info.json api/debug/debug.cpp:14 rahul@unknown-host
INFO 2023-10-13 08:50:13,357 Auth info was exported to ./.tmp/auth_info.json api/debug/debug.cpp:14 rahul@unknown-host
INFO 2023-10-13 09:15:06,673 Auth info was exported to ./.tmp/auth_info.json api/debug/debug.cpp:14 rahul@unknown-host
INFO 2023-10-13 09:17:52,656 Auth info was exported to ./.tmp/auth_info.json api/debug/debug.cpp:14 rahul@unknown-host
INFO 2023-10-13 09:30:29,262 Auth info was exported to ./.tmp/auth_info.json api/debug/debug.cpp:14 rahul@unknown-host
INFO 2023-10-13 13:00:54,228 Auth info was exported to ./.tmp/auth_info.json api/debug/debug.cpp:14 rahul@unknown-host
INFO 2023-10-13 13:22:30,889 Auth info was exported to ./.tmp/auth_info.json api/debug/debug.cpp:14 rahul@unknown-host
INFO 2023-10-14 16:03:25,101 Auth info was exported to ./.tmp/auth_info.json api/debug/debug.cpp:14 Lenovo@LAPTOP-VUN2TVK4
INFO 2023-10-15 10:56:47,176 Auth info was exported to ./.tmp/auth_info.json api/debug/debug.cpp:14 rahul@unknown-host
INFO 2023-10-15 16:21:29,927 Auth info was exported to ./.tmp/auth_info.json api/debug/debug.cpp:14 rahul@unknown-host
INFO 2023-10-15 17:22:58,070 Auth info was exported to ./.tmp/auth_info.json api/debug/debug.cpp:14 rahul@unknown-host
INFO 2023-10-16 10:11:28,172 Auth info was exported to ./.tmp/auth_info.json api/debug/debug.cpp:14 rahul@unknown-host
INFO 2023-10-16 20:36:21,576 Auth info was exported to ./.tmp/auth_info.json api/debug/debug.cpp:14 rahul@unknown-host
INFO 2023-10-17 10:35:56,023 Auth info was exported to ./.tmp/auth_info.json api/debug/debug.cpp:14 rahul@unknown-host
INFO 2023-10-19 10:04:06,808 Auth info was exported to ./.tmp/auth_info.json api/debug/debug.cpp:14 shubhamhatagale@unknown-host
INFO 2023-10-19 10:09:40,649 Auth info was exported to ./.tmp/auth_info.json api/debug/debug.cpp:14 shubhamhatagale@unknown-host
INFO 2023-10-19 15:40:27,567 Auth info was exported to ./.tmp/auth_info.json api/debug/debug.cpp:14 shubhamhatagale@unknown-host
INFO 2023-10-19 15:42:12,359 Auth info was exported to ./.tmp/auth_info.json api/debug/debug.cpp:14 shubhamhatagale@unknown-host
INFO 2023-10-19 15:43:53,047 Auth info was exported to ./.tmp/auth_info.json api/debug/debug.cpp:14 shubhamhatagale@unknown-host
INFO 2023-10-20 11:46:19,784 Auth info was exported to ./.tmp/auth_info.json api/debug/debug.cpp:14 kirankumar@unknown-host
INFO 2023-10-20 11:47:41,514 Auth info was exported to ./.tmp/auth_info.json api/debug/debug.cpp:14 kirankumar@unknown-host
INFO 2023-10-20 11:50:58,168 Auth info was exported to ./.tmp/auth_info.json api/debug/debug.cpp:14 kirankumar@unknown-host
INFO 2023-10-20 11:55:35,981 Auth info was exported to ./.tmp/auth_info.json api/debug/debug.cpp:14 kirankumar@unknown-host
INFO 2023-10-20 15:03:13,728 Auth info was exported to ./.tmp/auth_info.json api/debug/debug.cpp:14 kirankumar@unknown-host
INFO 2023-10-21 08:49:14,536 Auth info was exported to ./.tmp/auth_info.json api/debug/debug.cpp:14 kirankumar@unknown-host
INFO 2023-10-21 11:32:18,632 Auth info was exported to ./.tmp/auth_info.json api/debug/debug.cpp:14 kirankumar@unknown-host
INFO 2023-10-22 15:39:00,234 Auth info was exported to ./.tmp/auth_info.json api/debug/debug.cpp:14 kirankumar@unknown-host
INFO 2023-10-22 16:32:13,282 Auth info was exported to ./.tmp/auth_info.json api/debug/debug.cpp:14 kirankumar@unknown-host
INFO 2023-10-22 16:46:14,886 Auth info was exported to ./.tmp/auth_info.json api/debug/debug.cpp:14 kirankumar@unknown-host
INFO 2023-10-23 09:52:12,677 Auth info was exported to ./.tmp/auth_info.json api/debug/debug.cpp:14 kirankumar@unknown-host
INFO 2023-10-23 10:59:27,147 Auth info was exported to ./.tmp/auth_info.json api/debug/debug.cpp:14 kirankumar@unknown-host
INFO 2023-10-23 11:14:35,584 Auth info was exported to ./.tmp/auth_info.json api/debug/debug.cpp:14 kirankumar@unknown-host
INFO 2023-10-23 12:59:22,937 Auth info was exported to ./.tmp/auth_info.json api/debug/debug.cpp:14 kirankumar@unknown-host
INFO 2023-10-23 13:01:42,387 Auth info was exported to ./.tmp/auth_info.json api/debug/debug.cpp:14 kirankumar@unknown-host
INFO 2023-10-25 13:15:48,379 Auth info was exported to ./.tmp/auth_info.json api/debug/debug.cpp:14 kirankumar@unknown-host
INFO 2023-10-25 16:58:16,712 Auth info was exported to ./.tmp/auth_info.json api/debug/debug.cpp:14 kirankumar@unknown-host
INFO 2023-10-25 17:30:06,123 Auth info was exported to ./.tmp/auth_info.json api/debug/debug.cpp:14 kirankumar@unknown-host
INFO 2023-10-26 10:22:15,407 Auth info was exported to ./.tmp/auth_info.json api/debug/debug.cpp:14 shrikantande@unknown-host
INFO 2023-10-26 12:04:30,132 Auth info was exported to ./.tmp/auth_info.json api/debug/debug.cpp:14 shrikantande@unknown-host
INFO 2023-10-26 15:10:20,210 Auth info was exported to ./.tmp/auth_info.json api/debug/debug.cpp:14 shrikantande@unknown-host
INFO 2023-10-26 15:11:51,379 Auth info was exported to ./.tmp/auth_info.json api/debug/debug.cpp:14 shrikantande@unknown-host
INFO 2023-10-26 15:17:09,438 Auth info was exported to ./.tmp/auth_info.json api/debug/debug.cpp:14 shrikantande@unknown-host
INFO 2023-10-26 15:58:55,549 Auth info was exported to ./.tmp/auth_info.json api/debug/debug.cpp:14 shrikantande@unknown-host
INFO 2023-10-27 09:05:37,606 Auth info was exported to ./.tmp/auth_info.json api/debug/debug.cpp:14 shrikantande@unknown-host
INFO 2023-10-27 11:20:23,381 Auth info was exported to ./.tmp/auth_info.json api/debug/debug.cpp:14 shrikantande@unknown-host
INFO 2023-10-27 16:40:08,601 Auth info was exported to ./.tmp/auth_info.json api/debug/debug.cpp:14 shrikantande@unknown-host
INFO 2023-10-30 10:14:56,065 Auth info was exported to ./.tmp/auth_info.json api/debug/debug.cpp:14 Lenovo@LAPTOP-VUN2TVK4
INFO 2023-10-30 10:31:54,362 Auth info was exported to ./.tmp/auth_info.json api/debug/debug.cpp:14 Lenovo@LAPTOP-VUN2TVK4
INFO 2023-10-30 11:34:15,080 Auth info was exported to ./.tmp/auth_info.json api/debug/debug.cpp:14 Lenovo@LAPTOP-VUN2TVK4
INFO 2023-10-30 12:35:27,509 Auth info was exported to ./.tmp/auth_info.json api/debug/debug.cpp:14 Lenovo@LAPTOP-VUN2TVK4
INFO 2023-10-31 08:37:13,521 Auth info was exported to ./.tmp/auth_info.json api/debug/debug.cpp:14 kirankumar@unknown-host
INFO 2023-10-31 09:20:23,683 Auth info was exported to ./.tmp/auth_info.json api/debug/debug.cpp:14 kirankumar@unknown-host
INFO 2023-10-31 15:34:38,605 Auth info was exported to ./.tmp/auth_info.json api/debug/debug.cpp:14 kirankumar@unknown-host
INFO 2023-11-01 08:25:46,325 Auth info was exported to ./.tmp/auth_info.json api/debug/debug.cpp:14 kirankumar@unknown-host
INFO 2023-11-01 09:29:18,015 Auth info was exported to ./.tmp/auth_info.json api/debug/debug.cpp:14 kirankumar@unknown-host
INFO 2023-11-01 13:54:40,337 Auth info was exported to ./.tmp/auth_info.json api/debug/debug.cpp:14 kirankumar@unknown-host
INFO 2023-11-02 16:39:48,510 Auth info was exported to ./.tmp/auth_info.json api/debug/debug.cpp:14 kirankumar@unknown-host
INFO 2023-11-02 18:24:34,507 Auth info was exported to ./.tmp/auth_info.json api/debug/debug.cpp:14 kirankumar@unknown-host
INFO 2023-11-03 11:12:54,379 Auth info was exported to ./.tmp/auth_info.json api/debug/debug.cpp:14 kirankumar@unknown-host
INFO 2023-11-03 12:45:57,207 Auth info was exported to ./.tmp/auth_info.json api/debug/debug.cpp:14 kirankumar@unknown-host
INFO 2023-11-06 10:20:33,334 Auth info was exported to ./.tmp/auth_info.json api/debug/debug.cpp:14 Lenovo@LAPTOP-VUN2TVK4
ERROR 2023-11-06 10:20:34,591 Unable to open ./neucore-react/build/index.html api/debug/debug.cpp:16 Lenovo@LAPTOP-VUN2TVK4
INFO 2023-11-06 10:23:01,759 Auth info was exported to ./.tmp/auth_info.json api/debug/debug.cpp:14 Lenovo@LAPTOP-VUN2TVK4
INFO 2023-11-06 10:53:27,786 Auth info was exported to ./.tmp/auth_info.json api/debug/debug.cpp:14 Lenovo@LAPTOP-VUN2TVK4
INFO 2023-11-06 13:10:58,564 Auth info was exported to ./.tmp/auth_info.json api/debug/debug.cpp:14 Lenovo@LAPTOP-VUN2TVK4
INFO 2023-11-06 13:17:34,628 Auth info was exported to ./.tmp/auth_info.json api/debug/debug.cpp:14 Lenovo@LAPTOP-VUN2TVK4
INFO 2023-11-06 13:26:35,098 Auth info was exported to ./.tmp/auth_info.json api/debug/debug.cpp:14 Lenovo@LAPTOP-VUN2TVK4
INFO 2023-11-07 11:27:10,211 Auth info was exported to ./.tmp/auth_info.json api/debug/debug.cpp:14 Lenovo@LAPTOP-VUN2TVK4
INFO 2023-11-08 09:44:45,635 Auth info was exported to ./.tmp/auth_info.json api/debug/debug.cpp:14 kirankumar@unknown-host
INFO 2023-11-08 12:39:58,521 Auth info was exported to ./.tmp/auth_info.json api/debug/debug.cpp:14 kirankumar@unknown-host
INFO 2023-11-08 15:10:21,083 Auth info was exported to ./.tmp/auth_info.json api/debug/debug.cpp:14 kirankumar@unknown-host
INFO 2023-11-09 16:11:59,030 Auth info was exported to ./.tmp/auth_info.json api/debug/debug.cpp:14 Lenovo@LAPTOP-VUN2TVK4
INFO 2024-04-22 18:29:25,240 Auth info was exported to ./.tmp/auth_info.json api/debug/debug.cpp:14 Lenovo@LAPTOP-OIRF19MF
INFO 2024-04-22 18:32:17,860 Auth info was exported to ./.tmp/auth_info.json api/debug/debug.cpp:14 Lenovo@LAPTOP-OIRF19MF
INFO 2024-04-22 18:35:10,732 Auth info was exported to ./.tmp/auth_info.json api/debug/debug.cpp:14 Lenovo@LAPTOP-OIRF19MF
INFO 2024-04-22 18:35:49,095 Auth info was exported to ./.tmp/auth_info.json api/debug/debug.cpp:14 Lenovo@LAPTOP-OIRF19MF
INFO 2024-04-22 18:36:12,377 Auth info was exported to ./.tmp/auth_info.json api/debug/debug.cpp:14 Lenovo@LAPTOP-OIRF19MF
INFO 2024-04-25 15:25:14,071 Auth info was exported to ./.tmp/auth_info.json api/debug/debug.cpp:14 Lenovo@LAPTOP-OIRF19MF
INFO 2024-04-25 15:28:15,736 Auth info was exported to ./.tmp/auth_info.json api/debug/debug.cpp:14 Lenovo@LAPTOP-OIRF19MF
INFO 2024-04-25 15:31:04,989 Auth info was exported to ./.tmp/auth_info.json api/debug/debug.cpp:14 Lenovo@LAPTOP-OIRF19MF
INFO 2024-04-25 15:34:09,431 Auth info was exported to ./.tmp/auth_info.json api/debug/debug.cpp:14 Lenovo@LAPTOP-OIRF19MF
INFO 2024-04-25 15:36:20,341 Auth info was exported to ./.tmp/auth_info.json api/debug/debug.cpp:14 Lenovo@LAPTOP-OIRF19MF
INFO 2024-04-25 15:37:55,219 Auth info was exported to ./.tmp/auth_info.json api/debug/debug.cpp:14 Lenovo@LAPTOP-OIRF19MF
